21:37:27: [INFO] [C:\Coding\WARG Autonomy\autonomy-bootcamp-2025-p2\modules\heartbeat\heartbeat_receiver_worker.py | heartbeat_receiver_worker | 48] Logger initialized
21:37:27: [INFO] [C:\Coding\WARG Autonomy\autonomy-bootcamp-2025-p2\modules\heartbeat\heartbeat_receiver.py | run | 51] Heartbeat message received
21:37:27: [INFO] [C:\Coding\WARG Autonomy\autonomy-bootcamp-2025-p2\modules\heartbeat\heartbeat_receiver.py | run | 51] Heartbeat message received
21:37:28: [INFO] [C:\Coding\WARG Autonomy\autonomy-bootcamp-2025-p2\modules\heartbeat\heartbeat_receiver.py | run | 51] Heartbeat message received
21:37:29: [INFO] [C:\Coding\WARG Autonomy\autonomy-bootcamp-2025-p2\modules\heartbeat\heartbeat_receiver.py | run | 51] Heartbeat message received
21:37:30: [INFO] [C:\Coding\WARG Autonomy\autonomy-bootcamp-2025-p2\modules\heartbeat\heartbeat_receiver.py | run | 51] Heartbeat message received
21:37:32: [WARNING] [C:\Coding\WARG Autonomy\autonomy-bootcamp-2025-p2\modules\heartbeat\heartbeat_receiver.py | run | 55] 1 heartbeat(s) missed
21:37:34: [WARNING] [C:\Coding\WARG Autonomy\autonomy-bootcamp-2025-p2\modules\heartbeat\heartbeat_receiver.py | run | 55] 2 heartbeat(s) missed
21:37:36: [WARNING] [C:\Coding\WARG Autonomy\autonomy-bootcamp-2025-p2\modules\heartbeat\heartbeat_receiver.py | run | 55] 3 heartbeat(s) missed
21:37:38: [WARNING] [C:\Coding\WARG Autonomy\autonomy-bootcamp-2025-p2\modules\heartbeat\heartbeat_receiver.py | run | 55] 4 heartbeat(s) missed
21:37:39: [INFO] [C:\Coding\WARG Autonomy\autonomy-bootcamp-2025-p2\modules\heartbeat\heartbeat_receiver.py | run | 51] Heartbeat message received
21:37:40: [INFO] [C:\Coding\WARG Autonomy\autonomy-bootcamp-2025-p2\modules\heartbeat\heartbeat_receiver.py | run | 51] Heartbeat message received
21:37:41: [INFO] [C:\Coding\WARG Autonomy\autonomy-bootcamp-2025-p2\modules\heartbeat\heartbeat_receiver.py | run | 51] Heartbeat message received
21:37:42: [INFO] [C:\Coding\WARG Autonomy\autonomy-bootcamp-2025-p2\modules\heartbeat\heartbeat_receiver.py | run | 51] Heartbeat message received
21:37:43: [INFO] [C:\Coding\WARG Autonomy\autonomy-bootcamp-2025-p2\modules\heartbeat\heartbeat_receiver.py | run | 51] Heartbeat message received
21:37:45: [WARNING] [C:\Coding\WARG Autonomy\autonomy-bootcamp-2025-p2\modules\heartbeat\heartbeat_receiver.py | run | 55] 5 heartbeat(s) missed
21:37:45: [WARNING] [C:\Coding\WARG Autonomy\autonomy-bootcamp-2025-p2\modules\heartbeat\heartbeat_receiver.py | run | 58] Drone Disconnected
21:37:45: [WARNING] [C:\Coding\WARG Autonomy\autonomy-bootcamp-2025-p2\modules\heartbeat\heartbeat_receiver_worker.py | heartbeat_receiver_worker | 67] Failed to receive Heartbeat
21:37:45: [INFO] [C:\Coding\WARG Autonomy\autonomy-bootcamp-2025-p2\modules\heartbeat\heartbeat_receiver.py | run | 51] Heartbeat message received
21:37:47: [WARNING] [C:\Coding\WARG Autonomy\autonomy-bootcamp-2025-p2\modules\heartbeat\heartbeat_receiver.py | run | 55] 6 heartbeat(s) missed
21:37:47: [WARNING] [C:\Coding\WARG Autonomy\autonomy-bootcamp-2025-p2\modules\heartbeat\heartbeat_receiver.py | run | 58] Drone Disconnected
21:37:47: [WARNING] [C:\Coding\WARG Autonomy\autonomy-bootcamp-2025-p2\modules\heartbeat\heartbeat_receiver_worker.py | heartbeat_receiver_worker | 67] Failed to receive Heartbeat
