21:26:35: [INFO] [C:\Coding\WARG Autonomy\autonomy-bootcamp-2025-p2\modules\common\modules\logger\logger_main_setup.py | setup_main_logger | 62] main logger initialized
21:26:35: [INFO] [C:\Coding\WARG Autonomy\autonomy-bootcamp-2025-p2\tests\integration\test_command.py | main | 136] Connected!
21:26:35: [INFO] [C:\Coding\WARG Autonomy\autonomy-bootcamp-2025-p2\tests\integration\test_command.py | read_queue | 80] CHANGE_ALTITUDE 1.00
21:26:36: [INFO] [C:\Coding\WARG Autonomy\autonomy-bootcamp-2025-p2\tests\integration\test_command.py | read_queue | 80] CHANGE_ALTITUDE -1.00
21:26:39: [INFO] [C:\Coding\WARG Autonomy\autonomy-bootcamp-2025-p2\tests\integration\test_command.py | read_queue | 80] CHANGING YAW 63.43
21:26:39: [INFO] [C:\Coding\WARG Autonomy\autonomy-bootcamp-2025-p2\tests\integration\test_command.py | read_queue | 80] CHANGING YAW 90.00
21:26:40: [INFO] [C:\Coding\WARG Autonomy\autonomy-bootcamp-2025-p2\tests\integration\test_command.py | read_queue | 80] CHANGING YAW 116.57
21:26:40: [INFO] [C:\Coding\WARG Autonomy\autonomy-bootcamp-2025-p2\tests\integration\test_command.py | read_queue | 80] CHANGING YAW 45.00
21:26:41: [INFO] [C:\Coding\WARG Autonomy\autonomy-bootcamp-2025-p2\tests\integration\test_command.py | read_queue | 80] CHANGING YAW 63.43
21:26:41: [INFO] [C:\Coding\WARG Autonomy\autonomy-bootcamp-2025-p2\tests\integration\test_command.py | read_queue | 80] CHANGING YAW 90.00
21:26:42: [INFO] [C:\Coding\WARG Autonomy\autonomy-bootcamp-2025-p2\tests\integration\test_command.py | read_queue | 80] CHANGING YAW 26.57
21:26:42: [INFO] [C:\Coding\WARG Autonomy\autonomy-bootcamp-2025-p2\tests\integration\test_command.py | read_queue | 80] CHANGING YAW 45.00
21:26:43: [INFO] [C:\Coding\WARG Autonomy\autonomy-bootcamp-2025-p2\tests\integration\test_command.py | read_queue | 80] CHANGING YAW 90.00
21:26:43: [INFO] [C:\Coding\WARG Autonomy\autonomy-bootcamp-2025-p2\tests\integration\test_command.py | read_queue | 80] CHANGING YAW 45.00
21:26:44: [INFO] [C:\Coding\WARG Autonomy\autonomy-bootcamp-2025-p2\tests\integration\test_command.py | read_queue | 80] CHANGING YAW 90.00
21:26:44: [INFO] [C:\Coding\WARG Autonomy\autonomy-bootcamp-2025-p2\tests\integration\test_command.py | read_queue | 80] CHANGING YAW 135.00
21:26:45: [INFO] [C:\Coding\WARG Autonomy\autonomy-bootcamp-2025-p2\tests\integration\test_command.py | read_queue | 80] CHANGING YAW -26.57
21:26:45: [INFO] [C:\Coding\WARG Autonomy\autonomy-bootcamp-2025-p2\tests\integration\test_command.py | read_queue | 80] CHANGING YAW -45.00
21:26:46: [INFO] [C:\Coding\WARG Autonomy\autonomy-bootcamp-2025-p2\tests\integration\test_command.py | read_queue | 80] CHANGING YAW -90.00
21:26:46: [INFO] [C:\Coding\WARG Autonomy\autonomy-bootcamp-2025-p2\tests\integration\test_command.py | read_queue | 80] CHANGING YAW -45.00
21:26:47: [INFO] [C:\Coding\WARG Autonomy\autonomy-bootcamp-2025-p2\tests\integration\test_command.py | read_queue | 80] CHANGING YAW -90.00
21:26:47: [INFO] [C:\Coding\WARG Autonomy\autonomy-bootcamp-2025-p2\tests\integration\test_command.py | read_queue | 80] CHANGING YAW -135.00
21:26:48: [INFO] [C:\Coding\WARG Autonomy\autonomy-bootcamp-2025-p2\tests\integration\test_command.py | read_queue | 80] CHANGING YAW -63.43
21:26:48: [INFO] [C:\Coding\WARG Autonomy\autonomy-bootcamp-2025-p2\tests\integration\test_command.py | read_queue | 80] CHANGING YAW -90.00
21:26:49: [INFO] [C:\Coding\WARG Autonomy\autonomy-bootcamp-2025-p2\tests\integration\test_command.py | read_queue | 80] CHANGING YAW -116.57
21:26:49: [INFO] [C:\Coding\WARG Autonomy\autonomy-bootcamp-2025-p2\tests\integration\test_command.py | read_queue | 80] CHANGING YAW -45.00
21:26:50: [INFO] [C:\Coding\WARG Autonomy\autonomy-bootcamp-2025-p2\tests\integration\test_command.py | read_queue | 80] CHANGING YAW -63.43
21:26:50: [INFO] [C:\Coding\WARG Autonomy\autonomy-bootcamp-2025-p2\tests\integration\test_command.py | read_queue | 80] CHANGING YAW -90.00
21:26:51: [INFO] [C:\Coding\WARG Autonomy\autonomy-bootcamp-2025-p2\tests\integration\test_command.py | read_queue | 80] None
21:26:51: [INFO] [C:\Coding\WARG Autonomy\autonomy-bootcamp-2025-p2\tests\integration\test_command.py | read_queue | 80] None
21:26:51: [INFO] [C:\Coding\WARG Autonomy\autonomy-bootcamp-2025-p2\tests\integration\test_command.py | read_queue | 80] None
21:26:51: [INFO] [C:\Coding\WARG Autonomy\autonomy-bootcamp-2025-p2\tests\integration\test_command.py | read_queue | 80] None
21:26:51: [INFO] [C:\Coding\WARG Autonomy\autonomy-bootcamp-2025-p2\tests\integration\test_command.py | read_queue | 80] None
21:26:51: [INFO] [C:\Coding\WARG Autonomy\autonomy-bootcamp-2025-p2\tests\integration\test_command.py | read_queue | 80] None
21:26:51: [INFO] [C:\Coding\WARG Autonomy\autonomy-bootcamp-2025-p2\tests\integration\test_command.py | read_queue | 80] None
21:26:51: [INFO] [C:\Coding\WARG Autonomy\autonomy-bootcamp-2025-p2\tests\integration\test_command.py | read_queue | 80] None
21:26:51: [INFO] [C:\Coding\WARG Autonomy\autonomy-bootcamp-2025-p2\tests\integration\test_command.py | read_queue | 80] None
21:26:51: [INFO] [C:\Coding\WARG Autonomy\autonomy-bootcamp-2025-p2\tests\integration\test_command.py | read_queue | 80] None
